<?xml version="1.0" encoding="UTF-8"?>
<beans xmlns:xsi="http://www.w3.org/2001/XMLSchema-instance" xmlns:context="http://www.springframework.org/schema/context"
       xmlns:tx="http://www.springframework.org/schema/tx" xmlns="http://www.springframework.org/schema/beans"
       xsi:schemaLocation="http://www.springframework.org/schema/beans   http://www.springframework.org/schema/beans/spring-beans-4.0.xsd
           http://www.springframework.org/schema/context http://www.springframework.org/schema/context/spring-context-4.0.xsd
           http://www.springframework.org/schema/tx      http://www.springframework.org/schema/tx/spring-tx-4.0.xsd"
       default-lazy-init="true">


    <context:component-scan base-package="com.sfebiz.common.dao.test"/>

    <context:annotation-config/>
    <tx:annotation-driven transaction-manager="transactionManager"/>
    <!--使用tomcat jdbc pool,仅读写库需要使用事务-->
    <bean id="transactionManager" class="org.springframework.jdbc.datasource.DataSourceTransactionManager">
        <property name="dataSource" ref="dataSource"/>
    </bean>
    <bean id="sqlSessionFactory" class="org.mybatis.spring.SqlSessionFactoryBean">
        <property name="dataSource" ref="dataSource"/>
        <property name="configLocation" value="classpath:test-sql-config.xml"/>
    </bean>
    <bean id="transactionTemplate" class="org.springframework.transaction.support.TransactionTemplate">
        <property name="transactionManager" ref="transactionManager"/>
    </bean>

    <bean id="dataSource" class="org.apache.tomcat.jdbc.pool.DataSource" destroy-method="close">
        <property name="poolProperties">
            <bean class="org.apache.tomcat.jdbc.pool.PoolProperties">
                <property name="driverClassName" value="com.mysql.jdbc.Driver"/>
                <property name="url" value="jdbc:mysql://10.32.156.163/haitao-demo?useUnicode=true&amp;characterEncoding=UTF-8"/>
                <property name="username" value="sfhaitao"/>
                <property name="password" value="sfhaitaodev"/>
                <property name="jmxEnabled" value="false"/>
                <property name="testWhileIdle" value="false"/>
                <property name="initialSize" value="1"/>
                <property name="maxActive" value="60"/>
                <property name="maxIdle" value="30"/>
                <property name="minIdle" value="15"/>
                <property name="defaultAutoCommit" value="false"/>
                <property name="maxWait" value="5000"/>
                <property name="removeAbandoned" value="true"/>
                <property name="removeAbandonedTimeout" value="60"/>
                <property name="testOnBorrow" value="true"/>
                <property name="testOnReturn" value="false"/>
                <property name="validationQuery" value="SELECT 1"/>
                <property name="validationInterval" value="60000"/>
                <property name="validationQueryTimeout" value="3"/>
                <property name="timeBetweenEvictionRunsMillis" value="300000"/>
                <property name="minEvictableIdleTimeMillis" value="1800000"/>
                <property name="jdbcInterceptors"
                          value="org.apache.tomcat.jdbc.pool.interceptor.ConnectionState;org.apache.tomcat.jdbc.pool.interceptor.StatementFinalizer"/>
            </bean>
        </property>
    </bean>

    <bean id="demoDao" class="org.mybatis.spring.mapper.MapperFactoryBean">
        <property name="sqlSessionFactory" ref="sqlSessionFactory"/>
        <property name="mapperInterface" value="com.sfebiz.common.dao.test.dao.DemoDao"/>
    </bean>

    <bean id="demoFeatureDao" class="org.mybatis.spring.mapper.MapperFactoryBean">
        <property name="sqlSessionFactory" ref="sqlSessionFactory"/>
        <property name="mapperInterface" value="com.sfebiz.common.dao.test.dao.DemoFeatureDao"/>
    </bean>

    <bean id="demoDeleteDao" class="org.mybatis.spring.mapper.MapperFactoryBean">
        <property name="sqlSessionFactory" ref="sqlSessionFactory"/>
        <property name="mapperInterface" value="com.sfebiz.common.dao.test.dao.DemoDeleteDao"/>
    </bean>

    <bean id="demoUniqueDao" class="org.mybatis.spring.mapper.MapperFactoryBean">
        <property name="sqlSessionFactory" ref="sqlSessionFactory"/>
        <property name="mapperInterface" value="com.sfebiz.common.dao.test.dao.DemoUniqueDao"/>
    </bean>

</beans>
